18:08:57.601[36m [Client INFO] Starting WhatsApp client...[0m

Scan this QR code with your WhatsApp app:
█████████████████████████████████████████████████████████████████
█████████████████████████████████████████████████████████████████
████ ▄▄▄▄▄ ██▀ ▄█▀▄ ▄▀ ▄▄ █ ▄  ▀▀  ▄█      ▄▄█ ███▄ ██ ▄▄▄▄▄ ████
████ █   █ █▄▄▄▄█▄▄▄█▀█▀███▄▄█▄██ █▄█▄  ██ ███  █▀▄ ██ █   █ ████
████ █▄▄▄█ ██ ███ ▄█▄ ▀ ▀▀▀█▄▀ ▄▄▄ ▄█▄  █ ▄▄█ ▄▄█ ▀▄██ █▄▄▄█ ████
████▄▄▄▄▄▄▄█ ▀ ▀▄█▄▀▄▀ █ ▀▄▀▄▀ █▄█ █▄█ █ █▄█▄█▄█ ▀▄█ █▄▄▄▄▄▄▄████
████▄  ▀ ▄▄▄ █▄▄   █▄  ▄▄ ▄█▄▄▄▄ ▄▄█▄ ▄█ █▄  ▄█▄ ▀█▄█ ▄▀▀▀▄█▀████
████▄ ▀▀▄▄▄▄▀██▀  ▀███▄█  ▀▀▀ ▄▀ ▄ ▀ ▀ █ ▀█▀▀█▄▄▄ █   █▄▄██  ████
████   ▀▄▀▄▄▀▄▄█  █▄▄█▄██ █▄▄ █ ▄█▀ ▄ ▄█  ▄ ▄▄█ ▄▄▄▄██▄▄ ▀▄▄▄████
████▀▀▄█▀▄▄▄▀▄▄▄▀▄█▀███▀▀ ▄█ ▄█ ▄▀▄▀█▄█ ▄▄███    ▀ ▄ ▀▀█▄██▄▄████
█████▀█  ▄▄▀█▀█▀▀  █▄  ▄▄  ▄▄▀  ▀▄█   █  ▄█▄▄▀▄▄▄███▄██ ▄█▄█▀████
███████▀▄▄▄ ▀▄▄▀ █▄▀  ▄ █ ▀▄ ▀█ ▀ ▀▄ ▄█▄ █▄ ▄▄██▀▄ █▀ ▄▄ █▄▀ ████
█████▀ █▄▄▄█▀  █▄█▄█    ▄▄▄█ ▄▀▄▄██  ▄▄ ▄██▄▄▄█▄▄▀▄ █▄█▄ ▀▄█▀████
████▄  █ █▄▄▄▀▄█▄█▄█▀ ▄ ▄  █▀█▀█▀▀▄▀▄█ ▄▀  ▄▄█▀  ▀█ ▄▀ █▀▄██▄████
████▄▀▄▀▀█▄ ▄▀▀ ▀▀▄▄█▄ ▀██ █▄▀ █ ▀▄ ▀█▀▄ ██▄ ▄▄  ████▄▄▄▄ ▄▄▀████
████▄  █ ▄▄▄ █▀▀▄ ▀ ▀ ▀▄ █▄ ██ ▄▄▄  ██▄ █▀█▀█▄██▀▀██ ▄▄▄ ▀▄ ▄████
██████   █▄█   █▀▀▀▄█ █▄▄█▄█▄█ █▄█ ▄ ██▄▄▄▄ ▄ ▄▄ ▄█  █▄█ ▄▀█▀████
████▀█▄▀▄ ▄▄▄▄▀█ ▄  ▄   █ █▄█▀  ▄  ▄ █ ▀█ ▀▀█ █▀▄▄▄▀  ▄▄▄█▄▄▄████
█████ ▄▄█ ▄▀▄ ▄▀▀█▄▄██  █▀ █▄▀  ██▄█▄ ▄ ▄▄█ ▄ █ ▄██▀▀▀ ██▀█▄█████
████ ▄▄▀ ▄▄█ ▀███ ▀█▀▀ ▀▀▀▄█▄ █▄██▄▄ ▀▀▀▀██ ▀▀▀█ ▀ █ ▄▄▀ ▄▄  ████
████▄▄▄▀▀▄▄█▄ █▀▀ █ ▄ ▄█ ▄  ▄ █ ▄▀ ▀ ▄▄▄▄█▄▄ ██ ▄▄██▄████▀▄▀ ████
████▄█  █▄▄  █▀▄▀▄█ ▄▀██▀▀█ ▄▀█ ▄  ▄█▀▄ ▄▄▄▀▄███▀▀  ▀▄ ▄██▄ █████
████▄▄▀▄ █▄▄▄▀ █▀ ▄█▄ ▄ █ ▄▄▄▀  █  █▄ ▄  ▄▄▄▄█▄ ▄██▀▄▄▄██▀▀█ ████
████▄ █ ▀▀▄▀ ██▄  ▀█▄█▄▀▄ ▀  █ ▀█  █   ▄ █▄  ███▀▄▄▄▀ ▄█  ▄  ████
████ ██   ▄ ▄▄▄▄▄█████▄▄▄ █ █▀ ▄██▀ ▄▄▄█ ██▄▄▄▄▀ ███▄█▀▄█▄█ ▀████
████ ▀ ▀▀▄▄▀  ██ ▀▀▄ █ ▄█▄▀█ ██▄▀  ███▀██▀█ ▄▀ █ ▄▄  ▄▄▀▄██  ████
██████████▄█▀█▀   ▄███ ▄▄▄▄▄█▀ ▄▄▄   █▄▄▄▄▄ ▄▄██▄▄█▀ ▄▄▄ ▄▄▀▄████
████ ▄▄▄▄▄ █ ▀▄█ ▀▄▀▄▄ ▀▀▀██ ▀ █▄█ ▀ ▄   ▄███ ▀  ▄▀  █▄█ ▄▄▄ ████
████ █   █ █▄██   ██  ▄ ▄ ▄█    ▄▄   █▄  ██▄▄▄█  ██▀▄▄▄▄▄█  ▄████
████ █▄▄▄█ █ ▄▀▀▀▄▀█▀▄▀ ▄█▄█▀▀ ▄ █▀ █▄ █▄▀▀ █ ▀▀█  ▄▄█▄ ▄▄▄▀▄████
████▄▄▄▄▄▄▄█▄████▄▄█▄▄▄▄██▄█▄▄▄▄▄█▄▄███▄▄██▄▄██▄▄██▄▄▄▄▄▄█▄▄▄████
█████████████████████████████████████████████████████████████████
▀▀▀▀▀▀▀▀▀▀▀▀▀▀▀▀▀▀▀▀▀▀▀▀▀▀▀▀▀▀▀▀▀▀▀▀▀▀▀▀▀▀▀▀▀▀▀▀▀▀▀▀▀▀▀▀▀▀▀▀▀▀▀▀▀

Scan this QR code with your WhatsApp app:
█████████████████████████████████████████████████████████████████
█████████████████████████████████████████████████████████████████
████ ▄▄▄▄▄ ██▀ ▄█▀▄ ▄▀▀  ▀█    ▀▀  ▄█ ▄▀▀█ █   ▄▄█▄ ██ ▄▄▄▄▄ ████
████ █   █ █▄▄▄ ▀▄▄▄█▀█▀▄███▄█▄██ █ █▄ ▄▄█ ███ ██▀▄ ██ █   █ ████
████ █▄▄▄█ ██ ▀█  ▄█▄ ▀ ▀▀▀█▄▀ ▄▄▄  █▄ ██ ▄ █ ▄██ ▀▄██ █▄▄▄█ ████
████▄▄▄▄▄▄▄█ █ █ █▄▀▄▀ █ ▀▄▀▄▀ █▄█ █▄█ █ █▄█▄█▄█ ▀▄█ █▄▄▄▄▄▄▄████
████▄  ▀▄ ▄ ▄ ██   █▄  ▄▄ ▄█▄ ▄▄ ▄▄█▄ ▄█ █▄  ▄█▄ ▀███▄▄█▀▀▄█▀████
████▄ ▀▀▄▄▄▄██▀   ▀███▄█  ▀▀▀▄▄█ ▄ ▀ ▀▄█ █▀▀▀▀ ▄▄▄▀▄▄▀█ ▄██  ████
████  ▄█▄▀▄███ █  █▄▄█▄██ █▄▄▀█▀▄█▀ ▄▄██ ▄▄ ▄██ ▄▀▄███▄▄ ▀ ▄▄████
████▀█▄█▀▄▄▄ ▄▄▄▀▄█▀█▄▀▀▀▄▀█ ▄█▀██▄▀█▄█   ▀▀▀█ ▄ ▄█▄█▀▀█▄█▄▄▄████
████▀ █▀ ▄▄▀█▀█▀▀  ██▄▄▄▄▄ ██▀  ▀▄▄   ▄▄▄▄▄  ▄█  █▄█▄██ ▄█▄▀█████
████ ▄ ▄  ▄ ▀▄▄▀ █▄ ▄ ▄█  ▀ █▀█ ▀  ▄▄▄█  ▄▄█▀▄▄▄ ▄▀█▀▄ ▄ █▄ ▄████
████ ▀ ██▄▄█▀    █▄█    ▄▄▄█ ▄▀▄▄██ ▄▄▄▄▄██  ▄█ ▄▀▄ █ ▄▄ ▀▄█ ████
████▄  █▀█▄▄▄▄█▀▄▀██▀ ▄ ▄  █▀█▀█▀▀▄▀██ ▄▀  ▄▄█▀ ▀▀█ ▄ ██▀▄██▄████
████▄▀▄▀█▄▄▀▀▄▄█ ▄█▄█▄ ▀██ █▄█ █ ▀▄ ▀█▀▄ ██▄ ▄▄  ███▄▄██▄ ▄▄▀████
████▄  █ ▄▄▄  ▄ ██▀ ▀ ▀▄ █▄ █▄ ▄▄▄  █▀▄ █▀█▀█▄▀█▀▀▀█ ▄▄▄ █▄ ▄████
███████▄ █▄█ █▀█▀█ ▄█ █▄▄█▄█▄█ █▄█ ▄ ██▄▄██ ▄██▄ ▄▄█ █▄█  ██▀████
████▄▄██▄▄▄  ▄▀█ ▄  ▄█▄ ██ ▄█▀▄ ▄  ▄ ▄▀██▄▄▀█▄▄▀▄ ▀▄▄    ▄█▄▄████
████ ▀ ██ ▄▄█ ▄▀▀█▄▄█  ███ █▄▀  ██▄█▄ ▄   ▄   █▄ ▄▄▀█▀  █ ▄▄▀████
████ ▄▀▄ ▄▄▄▄▀███ ▀ ▀▀ ▄▀▀▄█▀ █ ▀█▄▄ ▀▀▀ ▄█   ▀▀▄▀▀█ ▄▄▄▀▄▄█▄████
█████ ▄▀▀▄▄█▄ ██▀ █ ▄ ▄█ ▄  ▄ █ ▄▀▀▀ ▄▄▄ █▄▄▄██▄ ▄██▄████▀▄▀ ████
████▄█  █▄▄  ▄▄▄▀▄▄ ▄▀██▀▀█ ▄▀█ ▄█ ▄▄▀▄ █▄▄▀███▄▀▀  ▀▄ ▄██▄ █████
████▄▄▀▄▀▀▄▄▄▄█▀▄▄▀█▄ ▄ █ ▄▄▄▀  █  █▄ ▄  ▄▄▄▄█▄ ▄██▀▄█▄█████ ████
████▄ █  ▄▄▀ ▀ █▀▀▀█▄█▄▀▄ ▀  ▀ ▀█  █ ▄▄▄ █▄  ▀██▀ ▄   ▄█ ██  ████
████ █▀▀█ ▄ ▀  ▄▄▄ ███▄▄▄ █ █▀█▄██▀ ▄▄▄█  ▄▄▄█▄▀ ▄▄▀▄▀▀ ███ ▀████
████ ▀ ▀▀▄▄██ ██ ▀▀▄ █ ▄█▄▄█ ▄▀▄▀  ██▄▀█▀ █ ▄███ ▀ █▀▄  ██▄  ████
██████████▄█▀█▀   ▄█▄█ ▀██ ██▀ ▄▄▄   █▄  ▄█▄▄▄█▀ ▀▄▀ ▄▄▄ █▄█ ████
████ ▄▄▄▄▄ █ ▀▄█ ▀▄▀█▄ ██▀█▀ ▀ █▄█ ▀ ▄  ▀██▀▀▀ ▀▄▄▀  █▄█ ▄▄ ▄████
████ █   █ █▄██▄  ██  ▄ ▄ ▄█    ▄▄   █▄▀ ██▄ ▄█  ██ ▄▄▄  █  █████
████ █▄▄▄█ █ █ ▀  ▀█▀▄▀ ▄█▄█▀▀ ▄ █▀▀▄▄ █▄▀▀▀▄ ▀ █  ▄▄█▄▀ ▄▄▀▄████
████▄▄▄▄▄▄▄█▄███▄███▄▄▄▄██▄█▄▄▄█▄█▄▄███▄▄██▄▄██▄▄██▄▄▄▄▄██▄▄▄████
█████████████████████████████████████████████████████████████████
▀▀▀▀▀▀▀▀▀▀▀▀▀▀▀▀▀▀▀▀▀▀▀▀▀▀▀▀▀▀▀▀▀▀▀▀▀▀▀▀▀▀▀▀▀▀▀▀▀▀▀▀▀▀▀▀▀▀▀▀▀▀▀▀▀

Scan this QR code with your WhatsApp app:
█████████████████████████████████████████████████████████████████
█████████████████████████████████████████████████████████████████
████ ▄▄▄▄▄ ██▀ ▄█ ▄▄   ▄  █ ▄  ▀▀  ▄█  █▄▄ ██   ▀█▄ ██ ▄▄▄▄▄ ████
████ █   █ █▄▄▄ █▄▄▄█▀█ ▄██▄▄█▄██ ███▄ ▀██ ███  █▀▄ ██ █   █ ████
████ █▄▄▄█ ██ ▀▄█ ▄█▄ ▀ ▀▀▀█▄▀ ▄▄▄ ▄█▄ ▀█ ▄▄  ▄▄█ ▀▄██ █▄▄▄█ ████
████▄▄▄▄▄▄▄█ █▄█▄█▄▀▄▀ █ ▀▄▀▄▀ █▄█ █▄█ █ █▄█▄█▄█ ▀▄█ █▄▄▄▄▄▄▄████
████▄  ▀ ▄▄▄  ▄█▀  █▄  ▄▄ ▄█▄▄▄▄ ▄▄█▄ ▄█ █▄  ▄█▄ ▀█▄▄▄▄▀█▀▄█▀████
████▄ ▀▀██▄█▄▄ ▄█ ▀███▄█  ▀▀▀██▀▄▄ ▀ ▀ █ ▀█▀▀▀▄▄▄ ▀▀█ ▄  ██  ████
████  █▄▄▀▄ ▄▀▀█  █▄▄█▄██ █▄▄▀█ ▄█▀ ▄▄██  █ ▄▄▄ ▄███▄█▄▄ █▄▄▄████
████▄█ ▀▀▄▄▄ ▄▄▄▀▄█▀█ ▄▀▀█▄█ ▄█▀█▀ ▀███▄▄ ███▀▀  ▀█▀▀▀▀▄▄██▄▄████
█████▀██ ▄▄▀█▀█▀▀  █▄▀ ▄█▄▄▄█▀  ▀▄█   █  ██ ▄▀▄█▄▄▄█▄██ ▄▄▄█▀████
████▄▀▀ ▄▄▄ ▀▄▄▀ █▄▀  ▄█▀ ▀  ▀█ ▀▀   ▄█  ▄█  ███ █ █▀ ▄▄ █▄ ▄████
████▀▄ █▀█▄█▀  █▀█▄█    ▄▄▄█ ▄▀▄▄██ ▄▄▄  ██  ▄█  ▀▄ █ █▄ ▀▄▄▀████
████▄  █▄▄▄▄  █ ████▀ ▄ ▄  █▀█▀█▀▀▄▀██ ▄▀  █▄█▀▀▀▀█ ▄▄███▄██▄████
████▄▀▄▀▀ ▄ ▀█  ▄██▄█▄ ▀██ █▄█▄█ ▀▄ ▀█▀▄ ██▄ ▄▄  ██▄██▄▄  ▄▄▀████
████▄  █ ▄▄▄  ▄▀▀▀█ ▀ ▀▄ █▄ █▀ ▄▄▄  █▀▄ █▀█▀█ ██▀███ ▄▄▄ ▀▄ ▄████
████████ █▄█  ██▀▀ ▄█ █▄▄█▄█▄█ █▄█ ▄ ▄█▄▄██ ▄▄█▄ █▄▀ █▄█  ██▀████
████▀▀▄▄▄▄▄▄▄▄▀█ ▄  ▄█▀ ██▄▄█▀▄ ▄  ▄ ▄▀██▄▄███ █     ▄ ▄ ██▄▄████
██████▄██ ▄▀▄ ▄▀▀█▄▄█▄ ██  ██▀ ▄▄█▄█▄ ▄▄▄▄█ ▄ █▄▄▄███▀ █▄ █ █████
████ ▄▄▄ ▄▄█▀▀███ ▀▀ ▀ ▄▀▀▄ ▄ █▄ █▄  ▀▀▀████ ▀▀█  ▀█ ▄▄ █▄▄▄ ████
████ ▀▄▀▀▄▄█▄ ██▀ █ ▄ ▄█ ▄  ▄ █ ▄█▀▄ ▄▄ ▄█▄▄ ██▄▄▄██▄████▀▄  ████
████▄█  █▄▄  ▄ ██▄▄ ▄▀██▀▀█ ▄▀█ ▄█ ▄▄▀▄▀█▄▄▀███▄▀▀  ▀▄ ▄██▄ █████
████▄▄▀▄  ▄▄▄▀ ▄▀▄▀█▄ ▄ █ ▄▄▄▀  █  █▄ ▄  ▄▄▄▄█▄ ▄██▀▄▄▄██▀██ ████
████▄ █ ▀▄▄▀ █   ▄ █▄█▄▀▄ ▀  ▀ ▀█  █   ▄ █▄  ███▀ ▄  ▄▄█ █▄  ████
████ ██▀█▀▄██▀█▄▄ ▀███▄▄▄ █ █ ▄▄██▀ ▄▄▄█ ██▄▄▄█▀ ▄▄▀▄▀ ▀██▄ ▀████
████ ▀ ▀▀▄▄▄  ██ ▀▀▄   ▄█▀██ █▀▄▀  ██▄▀███▀▄▄▄▀█ ████▄ ███▄  ████
██████████▄█ █▀   ▄██ ▄███ █▄▀ ▄▄▄   █▄ ▄▄█  ▄█ ▄▄█▀ ▄▄▄ █▄▀▄████
████ ▄▄▄▄▄ █ ▀▄█ ▀▄█ ▄ ██▀███▀ █▄█ ▀ ▄  ▄██▀  ▀▀█▄▀▄ █▄█ ▄▄▄ ████
████ █   █ █▄██ ▄ ██  ▄ ▄ ▄█     ▄  ▄█▄▄ ██ ▄▄█▄▄██▀▄▄▄ ▄█ ▀▄████
████ █▄▄▄█ █ ▀█▄ ▄▀█▀▄▀ ▄█▄█▀▀   █▀▀█▄ █▄▀▀▀█ ▀ █  ▄▄█▄  ▄▄▀▄████
████▄▄▄▄▄▄▄█▄█▄█████▄▄▄▄██▄█▄▄▄▄▄█▄▄███▄▄██▄▄██▄▄██▄▄▄▄███▄▄▄████
█████████████████████████████████████████████████████████████████
▀▀▀▀▀▀▀▀▀▀▀▀▀▀▀▀▀▀▀▀▀▀▀▀▀▀▀▀▀▀▀▀▀▀▀▀▀▀▀▀▀▀▀▀▀▀▀▀▀▀▀▀▀▀▀▀▀▀▀▀▀▀▀▀▀

Scan this QR code with your WhatsApp app:
█████████████████████████████████████████████████████████████████
█████████████████████████████████████████████████████████████████
████ ▄▄▄▄▄ ██▀ ▄█ █  ▀ ▄ ▀▄▄   ▀▀  ▄██ ▄█▄▄▄█▄▄  █▄ ██ ▄▄▄▄▄ ████
████ █   █ █▄▄▄ ▀▄▄██▀█ ▄██▄▄█▄██ █▄█▄  ██ ███  █▀▄ ██ █   █ ████
████ █▄▄▄█ ██ ███ ▄█▄ ▀ ▀▀▀█▄▀ ▄▄▄   ▄ █▄ ▄██ ▄▄▄ ▀▄██ █▄▄▄█ ████
████▄▄▄▄▄▄▄█ █ ▀▄█▄▀▄▀ █ ▀▄▀▄▀ █▄█ █▄█ █ █▄█▄█▄█ ▀▄█ █▄▄▄▄▄▄▄████
████▄  ▀▄ ▄     █  █▄  ▄▄ ▄█▄▄▄▄ ▄▄█▄ ▄█ █▄  ▄█▄ ▀█▄▄▄▄▀▀▀▄█▀████
████▄ ▀▀▄▄▄▀▀█ ▄▀ ▀███▄█  ▀▀▀ ▄▀ ▄ ▀ █▄█ ▀█▀▀█▄▄▄ ▀▄█ █ ███  ████
████   █▄▀▄▄█▀▄█  █▄▄█▄██ █▄▄ █▄ █▀ ▄▄▄█ ▄▄ ▄█▄ ▄▄██▄█▄  ▀ ▄▄████
████▀▄▀▀▀▄▄█ ▄▄▄▀▄█▀█▄▀▀▀█ █ ▄█▀█▀▄▀█▀▀▄▄████ █▄ ▀ ▄▄▀▀█▄▄▄▄▄████
████▀ ▀▄ ▄▄▀█▀█▀▀  ███ ▄▄▄ █▄▀  ▀██  ▀▄▄ ▄█▄▄▀██ ███▄██ ▄▄▄▀█████
█████ ▀▄ ▄▄ ▀▄▄▀ █▄██ ▄▀▄ ▀ █▀█ ▀ ▀▄ ▄█▄ ██▄▄▄█▄▄█▀█▀▄▄▄ █▄  ████
████ ▄ █ █▄█▀   ▄█▄█    ▄▄▄█ ▄▀▄▄██ ▄▄▄▄ ██ ▄▄█▄▄▀▄ ███▄ ▀▄█ ████
████▄  █▄▀▄    ██▄▀█▀ ▄ ▄  █▀█▀█▀▀▄▀▄█ ▄▀  █▄█▀▀▀▀█ ▄▀▀▀▀▄██▄████
████▄▀▄▀ ▄▄█ ▄▀  ▀ ▄█▄ ▀██ █▄█▄█ ▀▄ ▀█▀▄ ██▄ ▄▄  ████▄▄▄  ▄▄▀████
████▄  █ ▄▄▄ ▀█▄▄█  ▀ ▀▄ █▄ █  ▄▄▄  █▀▄ █▀▀▀█▄██▀███ ▄▄▄ █▄ ▄████
██████ ▀ █▄█  ▄█▀▄▄▄█ █▄▄█▄█▄█ █▄█ ▄ ▄█▄▄▄▄ ▄▄▄▄ ▀▄▀ █▄█  ▄█▀████
████▀▄█▀▄▄▄ ▄▄▀█ ▄  ▄▀█ ██▄▄█▀▄ ▄  ▄ █ █▀▀▀██▄▄█▄ ▀▀  ▄ ▄▄█▄▄████
████▀ ▀▄█ ▄▄▀ ▄▀▀█▄▄▄  ▄██ ▄▄▀ █▄█▄█▄ ▄▄▄ ▄ ▄▄█▄ ▄▄█ ▀ ▄█▀▄ █████
█████ ██ ▄▄ ▄▀███ ▀▄▀▀ █▄▀▄█  ████▄▄ ▀▀▀▀▄█▄▀▀ ▄▄▀▀█ ▄▄██▄▄ ▄████
████▀▄▄▀▀▄▄█▄ ██  █ ▄ ▄█ ▄  ▄ █ ▄█▄█▄▄▄▄ █▄▀▄██ ▄▄██▄████▀▄  ████
████▄█  █▄▄   █▄█▄█ ▄▀██▀▀█ ▄▀█ ▄ ▄▄▄▀▄▀▄▄▄▀███▄ ▀  ▀▄ ▄██▄ █████
████▄▄▀▄▄▀▄▄▄▄ ███ █▄ ▄ █ ▄▄▄▀  █  █▄ ▄  ▄▄▄▄█▄ ▄██▀▄▀ █████ ████
████▄ █  ▄▄▀ ▄  █▄ █▄█▄▀▄ ▀  █ ▀█  █ ▄▄▄ ▀   ███▀ ▄▄▀  █ ▀█  ████
████ █▀ ▀▄▄▀  ▄▄▄▀▀███▄▄▄ █ █  ▄██▀ ▄▄▄█ ▄▄▄▄▄█▀ █▄█▄██▄███ ▀████
████ ▀ ▀▀▄▄█  ██ ▀▀▄ ▄▄▄█▀ █ ▄█▄▀  ██▄ ▀███  ▀ ▀▄██▀ ▄▄▀███  ████
██████████▄▄ █▀   ▄▀█  ▄▄  ██▀ ▄▄▄   █▄▄▄██  █▄ ▄███ ▄▄▄ █▄█ ████
████ ▄▄▄▄▄ █ ▀▄█ ▀▄▀▀▄ ▀█▀█▀ ▀ █▄█ █▄▄ █▀█▄▄▄ ▀ ▀█ ▄ █▄█ ▄▄▄▄████
████ █   █ █▄███▄ ██  ▄ ▄ ▄█    ▄▄ ▄ █▄▄▄██ ▄▄█▄▄██ ▄▄▄  █ ▀█████
████ █▄▄▄█ █ █ ▄ █ █▀▄▀ ▄█▄█▀▀  ▄█▀▀▄▄ ▄█▀▀▀█ ▀ ▄  ▄▄█▄▄ ▄▄▀▄████
████▄▄▄▄▄▄▄█▄▄█▄▄█▄█▄▄▄▄██▄█▄▄▄▄▄█▄▄███▄▄██▄▄██▄▄██▄▄▄▄███▄▄▄████
█████████████████████████████████████████████████████████████████
▀▀▀▀▀▀▀▀▀▀▀▀▀▀▀▀▀▀▀▀▀▀▀▀▀▀▀▀▀▀▀▀▀▀▀▀▀▀▀▀▀▀▀▀▀▀▀▀▀▀▀▀▀▀▀▀▀▀▀▀▀▀▀▀▀

Scan this QR code with your WhatsApp app:
█████████████████████████████████████████████████████████████████
█████████████████████████████████████████████████████████████████
████ ▄▄▄▄▄ ██▀ ▄█▀▄ ▄ ▀█▄▀▄    ▀▀  ▄██   ▄▄ ▄█ █▄█▄ ██ ▄▄▄▄▄ ████
████ █   █ █▄▄▄▄█▄▄▄▄▀█▀██████▄██ ██▄▄ ▄▄█ █▄█ ▄▄▀▄ ██ █   █ ████
████ █▄▄▄█ ██▄▀█  ▄█▄ ▀ ▀▀▀█▄▀ ▄▄▄ ▀▀▄  ▄ ▄██ ▄██ ▀▄██ █▄▄▄█ ████
████▄▄▄▄▄▄▄█ ▀ ▀ █▄▀▄▀ █ ▀▄▀▄▀ █▄█ █▄█ █ █▄█▄█▄█ ▀▄█ █▄▄▄▄▄▄▄████
████▄  ▀  ▄▄ █ █   █▄  ▄▄ ▄█▄▄ ▄ ▄▄█▄ ▄█ █▄  ▄█▄ ▀███ ▄▀▀▀▄█▀████
████▄ ▀▀█▄▄▀▄  ▀█ ▀███▄█  ▀▀▀█▄▀ ▄ ▀ ▀ █ ██▀▀█▄▄▄▄▀██ ██ ██  ████
████  ▄ ▄▀▄█▀  █  █▄▄█▄██ █▄▄ █▄▄█▀ ▄▄▄█ ▄▄ ▄▄▄ ▄▄█▀██▄▀▄▀▄▄▄████
████▀▄▀█▀▄▄▄ ▄▄▄▀▄█▀███▀▀▄▄█ ▄█▀▄▀ ▀█▀█▄ ▀ █▀▀▄ ▄ ▄▀ ▀▀▄▄██▄▄████
████▀██▄ ▄▄▀█▀█▀▀  ▄▄▄▄█▄█ █▄▀  ▀█▄  ▀▄▀▄▄▄▀▄▄█  ███▄██ ▄▄█▀▀████
████   ▀ ▄▄ ▀▄▄▀ █▄█▀ ▄▀  ▀▀█▀█ ▀▀ ▄▄▄██▀█▄▄ █▄▀ █▀█▀ ▄▄ █▄▄ ████
████▄█ █▀▀▄█▀  ▀▄█▄█    ▄▄▄█ ▄▀▄▄██▄▄▄▄▄▄███▄▄█▄▄▀▄ █ █▄ ▀▄█ ████
████▄  █  ▄ ▄ ▄▄█▄ █▀ ▄ ▄  █▀█▀█▀▀▄▀▄█ ▄   █▄█▀▀ ▀█ ▄ ███▄██▄████
████▄▀▄▀  ▄█▀ ▄▄▀ █▄█▄ ▀██ █▄▀▄█ ▀▄ ▀█▀▄ ██▄ ▄▄  ██▄██▄   ▄▄▀████
████▄  █ ▄▄▄ ██▀█▀▀ ▀ ▀▄ █▄ █▀ ▄▄▄  ██  █▀▀▀█ ▀█▀███ ▄▄▄ █▄ ▄████
██████▄█ █▄█  ▄█▀█▄▄█ █▄▄█▄█▄█ █▄█ ▄ █▄▄▄ ▄ ▄ █▄ █▄▄ █▄█ ▀▄█▀████
████▄ ▄▀▄ ▄▄▄▄▀█ ▄  ▄▄  █▀ ▄█   ▄  ▄ ▄ ▀▀▄▀▀█▄██▄█▀▄▄  ▄▄█▄▄▄████
████▄ ▀▀█ ▄ █ ▄▀▀█▄██   ██ █▄▀ ▄██▄█▄ ▄▄▄▄█▄▄▄▄▄ ▄██▄▀ ██ █ ▀████
█████▄ ▄ ▄▄▀▀▀███ ▀ ▄▀  ▀▀▄▀▄ █ ██▄ ▄▀▀▀▄██ ▄▀ █▄  █ ▄▄▄█▄▄▄ ████
████▄▀▄▀▀▄▄█▄ █▄▀ █ ▄ ▄█ ▄  ▄ █ ▄ ▄  ▄▄ ▄█▄▄ ██▄▄▄██▄████▀▄  ████
████▄█  █▄▄  ██     ▄▀██▀▀█ ▄▀█ ▄ ▄██▀▄ ▄▄▄ ▄███ ▀  ▀▄ ▄██▄ █████
████▄▄▀▄▄ ▄▄▄██▄█▀ █▄ ▄ █ ▄▄▄▀  █  █▄ ▄  ▄▄▄▄█▄ ▄██▀▄█████▀█ ████
████▄ █  ▀▄▀ ▀ ▄▄▄▀█▄█▄▀▄ ▀  █ ▀█  █   ▄ ▀   ███▀▄▄▄   █ ██  ████
████ █▀▄█ ▄█▀██▄▄  ███▄▄▄ █ █▀ ▄██▀ ▄ ▄█ █▄▄▄██▀ █████ █▄██ ▀████
████ ▀ ▀▀▄▄   ██ ▀▀▄   ▄██ █ ██▄▀  ██▄▀▀███ ▄█▄█▄█▄   ▄ ▄██  ████
██████████▄▄ █▀   ▄ █▄ ██▄▄▄▄▀ ▄▄▄   █▄▄ ▄▄▄▄█▄  ██▀ ▄▄▄ ███▄████
████ ▄▄▄▄▄ █ ▀▄█ ▀▄█▄▄ ▄█▀█ ▀▀ █▄█ ▀ ▄ ████ █▀▀▀ ▄   █▄█ ▄▄▄ ████
████ █   █ █▄██▄█ ██  ▄ ▄ ▄█     ▄ ▄▄█▄▄ ██ ▄▄█▄ ██▀▄▄▄▄ █ ▀█████
████ █▄▄▄█ █ ▄ ▀██▄█▀▄▀ ▄█▄█▀▀  ▄█▀▀█▄ █▄▀▀ ▄ ▀ ▄  ▄▄█▄▄▄▄▄▀▄████
████▄▄▄▄▄▄▄█▄█▄██▄▄█▄▄▄▄██▄█▄▄▄▄██▄▄███▄▄██▄▄██▄▄██▄▄▄▄███▄▄▄████
█████████████████████████████████████████████████████████████████
▀▀▀▀▀▀▀▀▀▀▀▀▀▀▀▀▀▀▀▀▀▀▀▀▀▀▀▀▀▀▀▀▀▀▀▀▀▀▀▀▀▀▀▀▀▀▀▀▀▀▀▀▀▀▀▀▀▀▀▀▀▀▀▀▀

Scan this QR code with your WhatsApp app:
█████████████████████████████████████████████████████████████████
█████████████████████████████████████████████████████████████████
████ ▄▄▄▄▄ ██▀ ▄█ █    ▄▄▀█    ▀▀  ▄█  ▄▄▄ ▀ ▄ █▄█▄ ██ ▄▄▄▄▄ ████
████ █   █ █▄▄▄ ▀▄▄▄▄▀█▀▄█████▄██ █ █▄ ▄██ ▄▄█ ▄█▀▄ ██ █   █ ████
████ █▄▄▄█ ██▄█▄▀ ▄█▄ ▀ ▀▀▀█▄▀ ▄▄▄ ██▄    ▄   ▄▄▀ ▀▄██ █▄▄▄█ ████
████▄▄▄▄▄▄▄█ ▀▄▀▄█▄▀▄▀ █ ▀▄▀▄▀ █▄█ █▄█ █ █▄█▄█▄█ ▀▄█ █▄▄▄▄▄▄▄████
████▄  ▀ ▄▄  ▄▄▄   █▄  ▄▄ ▄█▄▄ ▄ ▄▄█▄ ▄█ █▄  ▄█▄ ▀█ █▄▄▀█▀▄█▀████
████▄ ▀▀▄▄▄ ▀ ▄▀  ▀███▄█  ▀▀▀█▄▀▄▄ ▀ █▄█ ▀█▀▀▀ ▄▄ ▀▀ ▀██▀██  ████
████  ▄▀▄▀▄█▄▄ █  █▄▄█▄██ █▄▄▀█▄▄█▀ ▄▀██ █▄ ▄▄▄ ▄▄▄▄▄█▄▀▄▀ ▄▄████
████ █ ▀▀▄▄▄▀▄▄▄▀▄█▀█  ▀▀ ██ ▄█ ▄█▄▀█ █▄ ▀▄▀█▀▄  ▀ ▀ ▀▀████▄▄████
█████▄█▀ ▄▄▀█▀█▀▀  █▄█ ▄▄  ▄█▀  ▀██   █▄ █▄▄ ▄▄  █▄█▄██ ▄▄█▀▀████
█████▀▄▄ ▄▄ ▀▄▄▀ █▄▀▀ ▄▀  ▀██▀█ ▀  ▄ ▄█▀▄▄▄▀▄█▄▀▄█▀█▀  ▄ █▄▄▄████
█████▄ █▄▀▄█▀  ▄▄█▄█    ▄▄▄█ ▄▀▄▄██▄ ▄▄▄ ██  ▄█▄ ▀▄ █▀▄▄ ▀▄▄ ████
████▄  █▀▀▄   ▀▄▀▀ █▀ ▄ ▄  █▀█▀█▀▀▄▀██ █▀  ▄▄█▀▀▀▀█ ▄███▀▄██▄████
████▄▀▄▀▀ ▄▄▀ ▄██▄ ▄█▄ ▀██ █▄█▄█ ▀▄ ▀█▀▄ ██▄ ▄▄  ██▄█▄▄ ▄ ▄▄▀████
████▄  █ ▄▄▄ ███▄█▀ ▀ ▀▄ █▄ ██ ▄▄▄  █▀▄ ██▀▀█▄▀█▀▀▀▄ ▄▄▄ ▀▄ ▄████
██████▄█ █▄█ ▄▀█▀█▄▄█ █▄▄█▄█▄▀ █▄█ ▄ █▄▄▄██ ▄██▄ ▄█▀ █▄█ ▀██▀████
████▄▄▀ ▄▄▄▄ ▄▀█ ▄  ▄▄▄ ██ ▄█   ▄  ▄ ▄▀▀█████ ██▄█▀▀   ▄▄ █▄▄████
████ ▄█▄█ ▄   ▄▀▀█▄▄██  █   █▀ █▄█▄█▄ ▄  ▄█▄ ▄▄▄ ▄█▀▄▀ ██ █ █████
████▀▄█▄ ▄▄▄ ▀███ ▀ █▀ ██▀▄▀█ █▀▀█▄ ▄▀▀ ███▄█▀ ▀▄▀▀▄ ▄▄▄ ▄▄ ▄████
█████ ▄▀▀▄▄█▄ █   █ ▄ ▄█ ▄  ▄ █ ▄▀ ▄ ▄▄  █▄▄ ██ ▄▄██▄████▀▄▀ ████
████▄█  █▄▄  ▄██▀▄  ▄▀██▀▀█ ▄▀█ ▄ ▄█▄▀▄ ▄▄▄ ███▄▀▀  ▀▄ ▄██▄ █████
████▄▄▀▄██▄▄▄▄ ▀ ▄▀█▄ ▄ █ ▄▄▄▀  █  █▄ ▄  ▄▄▄▄█▄ ▄██▀▄▄▀██▀▀█ ████
████▄ █ ▀ ▄▀  █▄  ▀█▄█▄▀▄ ▀  ▀ ▀█  █ ▄▄▄ █   ███▀▄▄ ▀ ▄█ ▄█  ████
████ ██▄▀█▄▀▀█▄▄▄▀ ███▄▄▄ █ █ █▄██▀ ▄▄▄█ ▄▄▄▄▀▄▀ ▀▄▀▀█▄████ ▀████
████ ▀ ▀▀▄▄ ▄ ██ ▀▀▄ ▄▄▄████ ██▄▀  ███ ▀█▄▀   ██▄ ███▄ █▄██  ████
██████████▄▄▀█▀   ▄▄▄▄▄██ ▄▄█▀ ▄▄▄   █▄▄ ▀█▄ ▄▄▄ ▄▄█ ▄▄▄ ▄▄█▄████
████ ▄▄▄▄▄ █ ▀▄█ ▀▄▀▀▄ ██▀███▀ █▄█ █▄▄ ▄▄▄█▀     █▀  █▄█ ▄▄▄ ████
████ █   █ █▄██ █ ██  ▄ ▄ ▄█    ▄▄  ▄█▄▄▄██▀ ▄█  ██ ▄▄▄  █ ▀▄████
████ █▄▄▄█ █   ▄▄▀▀█▀▄▀ ▄█▄█▀▀   █▀▀█▄ █▄▀▀ ▄ ▀ ▄  ▄▄█▄ ▄▄▄▀▄████
████▄▄▄▄▄▄▄█▄█▄█▄▄██▄▄▄▄██▄█▄▄▄█▄█▄▄███▄▄██▄▄██▄▄██▄▄▄▄███▄▄▄████
█████████████████████████████████████████████████████████████████
▀▀▀▀▀▀▀▀▀▀▀▀▀▀▀▀▀▀▀▀▀▀▀▀▀▀▀▀▀▀▀▀▀▀▀▀▀▀▀▀▀▀▀▀▀▀▀▀▀▀▀▀▀▀▀▀▀▀▀▀▀▀▀▀▀
18:14:38.012[31m [Client ERROR] Timeout waiting for QR code scan[0m
